# JRE version: OpenJDK Runtime Environment (8.0_202-b03) (build 1.8.0_202-release-1483-b03)
# Java VM: OpenJDK 64-Bit Server VM (25.202-b03 mixed mode windows-amd64 compressed oops)
Heap:
 PSYoungGen      total 55808K, used 33598K [0x00000000eab00000, 0x00000000ef100000, 0x0000000100000000)
  eden space 49664K, 55% used [0x00000000eab00000,0x00000000ec5d7728,0x00000000edb80000)
  from space 6144K, 99% used [0x00000000edb80000,0x00000000ee178400,0x00000000ee180000)
  to   space 7680K, 0% used [0x00000000ee980000,0x00000000ee980000,0x00000000ef100000)
 ParOldGen       total 58368K, used 25325K [0x00000000c0000000, 0x00000000c3900000, 0x00000000eab00000)
  object space 58368K, 43% used [0x00000000c0000000,0x00000000c18bb608,0x00000000c3900000)
 Metaspace       used 52469K, capacity 53920K, committed 54104K, reserved 1095680K
  class space    used 7108K, capacity 7526K, committed 7552K, reserved 1048576K
GC Heap History (10 events):
Event: 48.731 GC heap before
{Heap before GC invocations=23 (full 2):
 PSYoungGen      total 39936K, used 34816K [0x00000000eab00000, 0x00000000ed800000, 0x0000000100000000)
  eden space 34816K, 100% used [0x00000000eab00000,0x00000000ecd00000,0x00000000ecd00000)
  from space 5120K, 0% used [0x00000000ed300000,0x00000000ed300000,0x00000000ed800000)
  to   space 5632K, 0% used [0x00000000ecd00000,0x00000000ecd00000,0x00000000ed280000)
 ParOldGen       total 58368K, used 15714K [0x00000000c0000000, 0x00000000c3900000, 0x00000000eab00000)
  object space 58368K, 26% used [0x00000000c0000000,0x00000000c0f58aa8,0x00000000c3900000)
 Metaspace       used 40130K, capacity 40866K, committed 41304K, reserved 1085440K
  class space    used 5420K, capacity 5657K, committed 5760K, reserved 1048576K
Event: 48.740 GC heap after
Heap after GC invocations=23 (full 2):
 PSYoungGen      total 40448K, used 5487K [0x00000000eab00000, 0x00000000ee080000, 0x0000000100000000)
  eden space 34816K, 0% used [0x00000000eab00000,0x00000000eab00000,0x00000000ecd00000)
  from space 5632K, 97% used [0x00000000ecd00000,0x00000000ed25bf28,0x00000000ed280000)
  to   space 6144K, 0% used [0x00000000eda80000,0x00000000eda80000,0x00000000ee080000)
 ParOldGen       total 58368K, used 15722K [0x00000000c0000000, 0x00000000c3900000, 0x00000000eab00000)
  object space 58368K, 26% used [0x00000000c0000000,0x00000000c0f5aaa8,0x00000000c3900000)
 Metaspace       used 40130K, capacity 40866K, committed 41304K, reserved 1085440K
  class space    used 5420K, capacity 5657K, committed 5760K, reserved 1048576K
}
Event: 50.681 GC heap before
{Heap before GC invocations=24 (full 2):
 PSYoungGen      total 40448K, used 40303K [0x00000000eab00000, 0x00000000ee080000, 0x0000000100000000)
  eden space 34816K, 100% used [0x00000000eab00000,0x00000000ecd00000,0x00000000ecd00000)
  from space 5632K, 97% used [0x00000000ecd00000,0x00000000ed25bf28,0x00000000ed280000)
  to   space 6144K, 0% used [0x00000000eda80000,0x00000000eda80000,0x00000000ee080000)
 ParOldGen       total 58368K, used 15722K [0x00000000c0000000, 0x00000000c3900000, 0x00000000eab00000)
  object space 58368K, 26% used [0x00000000c0000000,0x00000000c0f5aaa8,0x00000000c3900000)
 Metaspace       used 42652K, capacity 43548K, committed 43736K, reserved 1087488K
  class space    used 5782K, capacity 6046K, committed 6144K, reserved 1048576K
Event: 50.690 GC heap after
Heap after GC invocations=24 (full 2):
 PSYoungGen      total 47616K, used 4474K [0x00000000eab00000, 0x00000000ee000000, 0x0000000100000000)
  eden space 41984K, 0% used [0x00000000eab00000,0x00000000eab00000,0x00000000ed400000)
  from space 5632K, 79% used [0x00000000eda80000,0x00000000ededeb10,0x00000000ee000000)
  to   space 6144K, 0% used [0x00000000ed400000,0x00000000ed400000,0x00000000eda00000)
 ParOldGen       total 58368K, used 17282K [0x00000000c0000000, 0x00000000c3900000, 0x00000000eab00000)
  object space 58368K, 29% used [0x00000000c0000000,0x00000000c10e0b08,0x00000000c3900000)
 Metaspace       used 42652K, capacity 43548K, committed 43736K, reserved 1087488K
  class space    used 5782K, capacity 6046K, committed 6144K, reserved 1048576K
}
Event: 52.956 GC heap before
{Heap before GC invocations=25 (full 2):
 PSYoungGen      total 47616K, used 46458K [0x00000000eab00000, 0x00000000ee000000, 0x0000000100000000)
  eden space 41984K, 100% used [0x00000000eab00000,0x00000000ed400000,0x00000000ed400000)
  from space 5632K, 79% used [0x00000000eda80000,0x00000000ededeb10,0x00000000ee000000)
  to   space 6144K, 0% used [0x00000000ed400000,0x00000000ed400000,0x00000000eda00000)
 ParOldGen       total 58368K, used 17282K [0x00000000c0000000, 0x00000000c3900000, 0x00000000eab00000)
  object space 58368K, 29% used [0x00000000c0000000,0x00000000c10e0b08,0x00000000c3900000)
 Metaspace       used 45335K, capacity 46348K, committed 46680K, reserved 1089536K
  class space    used 6116K, capacity 6435K, committed 6528K, reserved 1048576K
Event: 52.975 GC heap after
Heap after GC invocations=25 (full 2):
 PSYoungGen      total 48128K, used 5210K [0x00000000eab00000, 0x00000000ee900000, 0x0000000100000000)
  eden space 41984K, 0% used [0x00000000eab00000,0x00000000eab00000,0x00000000ed400000)
  from space 6144K, 84% used [0x00000000ed400000,0x00000000ed916a98,0x00000000eda00000)
  to   space 6656K, 0% used [0x00000000ee280000,0x00000000ee280000,0x00000000ee900000)
 ParOldGen       total 58368K, used 20303K [0x00000000c0000000, 0x00000000c3900000, 0x00000000eab00000)
  object space 58368K, 34% used [0x00000000c0000000,0x00000000c13d3ef0,0x00000000c3900000)
 Metaspace       used 45335K, capacity 46348K, committed 46680K, reserved 1089536K
  class space    used 6116K, capacity 6435K, committed 6528K, reserved 1048576K
}
Event: 56.016 GC heap before
{Heap before GC invocations=26 (full 2):
 PSYoungGen      total 48128K, used 47194K [0x00000000eab00000, 0x00000000ee900000, 0x0000000100000000)
  eden space 41984K, 100% used [0x00000000eab00000,0x00000000ed400000,0x00000000ed400000)
  from space 6144K, 84% used [0x00000000ed400000,0x00000000ed916a98,0x00000000eda00000)
  to   space 6656K, 0% used [0x00000000ee280000,0x00000000ee280000,0x00000000ee900000)
 ParOldGen       total 58368K, used 20303K [0x00000000c0000000, 0x00000000c3900000, 0x00000000eab00000)
  object space 58368K, 34% used [0x00000000c0000000,0x00000000c13d3ef0,0x00000000c3900000)
 Metaspace       used 46408K, capacity 47540K, committed 47832K, reserved 1091584K
  class space    used 6261K, capacity 6566K, committed 6656K, reserved 1048576K
Event: 56.025 GC heap after
Heap after GC invocations=26 (full 2):
 PSYoungGen      total 54784K, used 3359K [0x00000000eab00000, 0x00000000ee780000, 0x0000000100000000)
  eden space 49664K, 0% used [0x00000000eab00000,0x00000000eab00000,0x00000000edb80000)
  from space 5120K, 65% used [0x00000000ee280000,0x00000000ee5c7c78,0x00000000ee780000)
  to   space 6144K, 0% used [0x00000000edb80000,0x00000000edb80000,0x00000000ee180000)
 ParOldGen       total 58368K, used 23103K [0x00000000c0000000, 0x00000000c3900000, 0x00000000eab00000)
  object space 58368K, 39% used [0x00000000c0000000,0x00000000c168ff20,0x00000000c3900000)
 Metaspace       used 46408K, capacity 47540K, committed 47832K, reserved 1091584K
  class space    used 6261K, capacity 6566K, committed 6656K, reserved 1048576K
}
Event: 61.961 GC heap before
{Heap before GC invocations=27 (full 2):
 PSYoungGen      total 54784K, used 53023K [0x00000000eab00000, 0x00000000ee780000, 0x0000000100000000)
  eden space 49664K, 100% used [0x00000000eab00000,0x00000000edb80000,0x00000000edb80000)
  from space 5120K, 65% used [0x00000000ee280000,0x00000000ee5c7c78,0x00000000ee780000)
  to   space 6144K, 0% used [0x00000000edb80000,0x00000000edb80000,0x00000000ee180000)
 ParOldGen       total 58368K, used 23103K [0x00000000c0000000, 0x00000000c3900000, 0x00000000eab00000)
  object space 58368K, 39% used [0x00000000c0000000,0x00000000c168ff20,0x00000000c3900000)
 Metaspace       used 51007K, capacity 52266K, committed 52568K, reserved 1095680K
  class space    used 6880K, capacity 7213K, committed 7296K, reserved 1048576K
Event: 61.987 GC heap after
Heap after GC invocations=27 (full 2):
 PSYoungGen      total 55808K, used 6113K [0x00000000eab00000, 0x00000000ef100000, 0x0000000100000000)
  eden space 49664K, 0% used [0x00000000eab00000,0x00000000eab00000,0x00000000edb80000)
  from space 6144K, 99% used [0x00000000edb80000,0x00000000ee178400,0x00000000ee180000)
  to   space 7680K, 0% used [0x00000000ee980000,0x00000000ee980000,0x00000000ef100000)
 ParOldGen       total 58368K, used 25325K [0x00000000c0000000, 0x00000000c3900000, 0x00000000eab00000)
  object space 58368K, 43% used [0x00000000c0000000,0x00000000c18bb608,0x00000000c3900000)
 Metaspace       used 51007K, capacity 52266K, committed 52568K, reserved 1095680K
  class space    used 6880K, capacity 7213K, committed 7296K, reserved 1048576K
}

